GROUP,PACKAGE,CLASS,INSTRUCTION_MISSED,INSTRUCTION_COVERED,BRANCH_MISSED,BRANCH_COVERED,LINE_MISSED,LINE_COVERED,COMPLEXITY_MISSED,COMPLEXITY_COVERED,METHOD_MISSED,METHOD_COVERED
santek,com.factoryshapes,ShapeFactory,44,0,6,0,9,0,6,0,2,0
santek,com.factoryshapes,Circle,19,0,0,0,5,0,3,0,3,0
santek,com.factoryshapes,Rectangle,23,0,0,0,6,0,3,0,3,0
santek,com.factoryshapes,Square,17,0,0,0,5,0,3,0,3,0
santek,com.factoryshapes,ShapesCaller,28,0,0,0,8,0,2,0,2,0
santek,com.factoryshapes,ShapesCalculator,134,0,10,0,42,0,9,0,4,0
