<?xml version="1.0" encoding="UTF-8"?>
<testsuite xmlns:xsi="http://www.w3.org/2001/XMLSchema-instance" xsi:noNamespaceSchemaLocation="https://maven.apache.org/surefire/maven-surefire-plugin/xsd/surefire-test-report.xsd" name="com.factoryshapes.ShapesCheckerTest" time="1.081" tests="8" errors="0" skipped="0" failures="0">
  <properties>
[...]
</properties>
  <testcase name="testCircleArea" classname="com.factoryshapes.ShapesCheckerTest" time="1.011"/>
  <testcase name="testInvalidData" classname="com.factoryshapes.ShapesCheckerTest" time="0.006"/>
  <testcase name="shouldAnswerWithTrue" classname="com.factoryshapes.ShapesCheckerTest" time="0.003"/>
  <testcase name="testRectangleArea" classname="com.factoryshapes.ShapesCheckerTest" time="0.003"/>
  <testcase name="testRectanglePerimeter" classname="com.factoryshapes.ShapesCheckerTest" time="0.002"/>
  <testcase name="testSquarePerimeter" classname="com.factoryshapes.ShapesCheckerTest" time="0.002"/>
  <testcase name="testSquareArea" classname="com.factoryshapes.ShapesCheckerTest" time="0.002"/>
  <testcase name="testCirclePerimeter" classname="com.factoryshapes.ShapesCheckerTest" time="0.002"/>
</testsuite>