<?xml version="1.0" encoding="UTF-8"?>
<testsuite xmlns:xsi="http://www.w3.org/2001/XMLSchema-instance" xsi:noNamespaceSchemaLocation="https://maven.apache.org/surefire/maven-surefire-plugin/xsd/surefire-test-report.xsd" name="com.factoryshapes.ShapesApplicationTest" time="2.469" tests="19" errors="0" skipped="0" failures="0">
  <properties>
[...]
</properties>
  <testcase name="testWriteOutputError" classname="com.factoryshapes.ShapesApplicationTest" time="2.052"/>
  <testcase name="testCircleArea" classname="com.factoryshapes.ShapesApplicationTest" time="0.07"/>
  <testcase name="testCalculateAreaSquareOg" classname="com.factoryshapes.ShapesApplicationTest" time="0.008"/>
  <testcase name="testInvalidData" classname="com.factoryshapes.ShapesApplicationTest" time="0.012"/>
  <testcase name="testCalculatePerimeterCircleOg" classname="com.factoryshapes.ShapesApplicationTest" time="0.004"/>
  <testcase name="testBuildOutputError" classname="com.factoryshapes.ShapesApplicationTest" time="0.006"/>
  <testcase name="shouldAnswerWithTrue" classname="com.factoryshapes.ShapesApplicationTest" time="0.006"/>
  <testcase name="testShapesApp{Path}" classname="com.factoryshapes.ShapesApplicationTest" time="0.168"/>
  <testcase name="testCalculatePerimeterSquareOg" classname="com.factoryshapes.ShapesApplicationTest" time="0.003"/>
  <testcase name="testRectangleArea" classname="com.factoryshapes.ShapesApplicationTest" time="0.005"/>
  <testcase name="testRectanglePerimeter" classname="com.factoryshapes.ShapesApplicationTest" time="0.004"/>
  <testcase name="testSquarePerimeter" classname="com.factoryshapes.ShapesApplicationTest" time="0.006"/>
  <testcase name="testCreateShapeNull" classname="com.factoryshapes.ShapesApplicationTest" time="0.007"/>
  <testcase name="testSquareArea" classname="com.factoryshapes.ShapesApplicationTest" time="0.004"/>
  <testcase name="testCirclePerimeter" classname="com.factoryshapes.ShapesApplicationTest" time="0.004"/>
  <testcase name="testShapeInputException" classname="com.factoryshapes.ShapesApplicationTest" time="0.006"/>
  <testcase name="testCalculatePerimeterRectOg" classname="com.factoryshapes.ShapesApplicationTest" time="0.004"/>
  <testcase name="testCalculateAreaCircleOg" classname="com.factoryshapes.ShapesApplicationTest" time="0.004"/>
  <testcase name="testCalculateAreaRectOg" classname="com.factoryshapes.ShapesApplicationTest" time="0.002"/>
</testsuite>